 
****************************************
Report : timing
        -path full
        -delay max
        -max_paths 1
Design : hamming_lowpass
Version: S-2021.06-SP5-5
Date   : Tue Jun 18 19:30:39 2024
****************************************

Operating Conditions: WORST   Library: saed90nm_max
Wire Load Model Mode: enclosed

  Startpoint: x5_reg_0_ (rising edge-triggered flip-flop clocked by clk)
  Endpoint: R_172_RW_0 (rising edge-triggered flip-flop clocked by clk)
  Path Group: clk
  Path Type: max

  Des/Clust/Port     Wire Load Model       Library
  ------------------------------------------------
  hamming_lowpass    16000                 saed90nm_max

  Point                                    Incr       Path
  -----------------------------------------------------------
  clock clk (rise edge)                    0.00       0.00
  clock network delay (ideal)              0.00       0.00
  x5_reg_0_/CLK (DFFARX1)                  0.00       0.00 r
  x5_reg_0_/Q (DFFARX1)                    0.77       0.77 r
  U132/CO (FADDX1)                         3.06       3.83 r
  U43/CO (FADDX1)                          0.60       4.43 r
  U34/CO (FADDX1)                          0.60       5.02 r
  U130/CO (FADDX1)                         0.59       5.61 r
  U311/S (FADDX1)                          0.68       6.29 f
  U215/S (FADDX1)                          0.60       6.89 f
  U328/CO (FADDX1)                         0.60       7.49 f
  U321/CO (FADDX1)                         0.51       8.00 f
  U354/CO (FADDX1)                         0.51       8.51 f
  U201/S (FADDX1)                          0.58       9.09 f
  U374/CO (FADDX1)                         0.49       9.58 f
  R_172_RW_0/D (DFFARX1)                   0.13       9.71 f
  data arrival time                                   9.71

  clock clk (rise edge)                   10.00      10.00
  clock network delay (ideal)              0.00      10.00
  R_172_RW_0/CLK (DFFARX1)                 0.00      10.00 r
  library setup time                      -0.28       9.72
  data required time                                  9.72
  -----------------------------------------------------------
  data required time                                  9.72
  data arrival time                                  -9.71
  -----------------------------------------------------------
  slack (MET)                                         0.01


1
