 
****************************************
Report : area
Design : hamming_lowpass
Version: S-2021.06-SP5-5
Date   : Tue Jun 18 19:30:39 2024
****************************************

Library(s) Used:

    saed90nm_max (File: /tools/edk/SAED_EDK90nm/Digital_Standard_cell_Library/synopsys/models/saed90nm_max.db)

Number of ports:                           18
Number of nets:                          1039
Number of cells:                          676
Number of combinational cells:            485
Number of sequential cells:               191
Number of macros/black boxes:               0
Number of buf/inv:                         64
Number of references:                      19

Combinational area:               9362.534284
Buf/Inv area:                      373.248009
Noncombinational area:            6133.248089
Macro/Black Box area:                0.000000
Net Interconnect area:             517.822226

Total cell area:                 15495.782372
Total area:                      16013.604598
1
